<?xml version="1.0" encoding="UTF-8"?>
<!-- Generated by org.testng.reporters.JUnitXMLReporter -->
<testsuite ignored="0" hostname="DESKTOP-0AAQTU0" failures="0" tests="4" name="Default test" time="13.366" errors="0" timestamp="2022-09-05T00:11:45 EDT">
  <testcase classname="com.parallel.ParallelTest" name="launchChrome" time="3.761"/>
  <testcase classname="com.parallel.ParallelTest" name="launchFirefox" time="5.849"/>
  <testcase classname="com.parallel.ParallelTest" name="tryFacebook1" time="1.572"/>
  <testcase classname="com.parallel.ParallelTest" name="tryFacebook2" time="2.161"/>
</testsuite> <!-- Default test -->
