<?xml version="1.0" encoding="UTF-8"?>
<testng-results ignored="0" total="4" passed="4" failed="0" skipped="0">
  <reporter-output>
  </reporter-output>
  <suite started-at="2022-09-05T00:11:32 EDT" name="Default suite" finished-at="2022-09-05T00:11:45 EDT" duration-ms="13366">
    <groups>
      <group name="Chrome">
        <method signature="ParallelTest.launchChrome()[pri:0, instance:com.parallel.ParallelTest@483f6d77]" name="launchChrome" class="com.parallel.ParallelTest"/>
        <method signature="ParallelTest.tryFacebook1()[pri:0, instance:com.parallel.ParallelTest@483f6d77]" name="tryFacebook1" class="com.parallel.ParallelTest"/>
      </group> <!-- Chrome -->
      <group name="Firefox">
        <method signature="ParallelTest.launchFirefox()[pri:0, instance:com.parallel.ParallelTest@483f6d77]" name="launchFirefox" class="com.parallel.ParallelTest"/>
        <method signature="ParallelTest.tryFacebook2()[pri:0, instance:com.parallel.ParallelTest@483f6d77]" name="tryFacebook2" class="com.parallel.ParallelTest"/>
      </group> <!-- Firefox -->
    </groups>
    <test started-at="2022-09-05T00:11:32 EDT" name="Default test" finished-at="2022-09-05T00:11:45 EDT" duration-ms="13366">
      <class name="com.parallel.ParallelTest">
        <test-method signature="launchChrome()[pri:0, instance:com.parallel.ParallelTest@483f6d77]" started-at="2022-09-05T00:11:32 EDT" name="launchChrome" finished-at="2022-09-05T00:11:36 EDT" duration-ms="3761" status="PASS">
          <reporter-output>
          </reporter-output>
        </test-method> <!-- launchChrome -->
        <test-method signature="launchFirefox()[pri:0, instance:com.parallel.ParallelTest@483f6d77]" started-at="2022-09-05T00:11:36 EDT" name="launchFirefox" finished-at="2022-09-05T00:11:41 EDT" duration-ms="5849" status="PASS">
          <reporter-output>
          </reporter-output>
        </test-method> <!-- launchFirefox -->
        <test-method signature="tryFacebook1()[pri:0, instance:com.parallel.ParallelTest@483f6d77]" started-at="2022-09-05T00:11:41 EDT" name="tryFacebook1" finished-at="2022-09-05T00:11:43 EDT" depends-on-methods="com.parallel.ParallelTest.launchChrome" duration-ms="1572" status="PASS">
          <reporter-output>
          </reporter-output>
        </test-method> <!-- tryFacebook1 -->
        <test-method signature="tryFacebook2()[pri:0, instance:com.parallel.ParallelTest@483f6d77]" started-at="2022-09-05T00:11:43 EDT" name="tryFacebook2" finished-at="2022-09-05T00:11:45 EDT" depends-on-methods="com.parallel.ParallelTest.launchFirefox" duration-ms="2161" status="PASS">
          <reporter-output>
          </reporter-output>
        </test-method> <!-- tryFacebook2 -->
      </class> <!-- com.parallel.ParallelTest -->
    </test> <!-- Default test -->
  </suite> <!-- Default suite -->
</testng-results>
